<?xml version="1.0" encoding="UTF-8"?>
<testng-results ignored="0" total="4" passed="2" failed="2" skipped="0">
  <reporter-output>
  </reporter-output>
  <suite started-at="2022-11-03T20:03:43 IST" name="Smoke" finished-at="2022-11-03T20:05:03 IST" duration-ms="80265">
    <groups>
    </groups>
    <test started-at="2022-11-03T20:03:43 IST" name="Login" finished-at="2022-11-03T20:05:03 IST" duration-ms="80265">
      <class name="Testcase.TC_Login_DataDriven">
        <test-method is-config="true" signature="setExtent()[pri:0, instance:Testcase.TC_Login_DataDriven@6572421]" started-at="2022-11-03T20:03:43 IST" name="setExtent" finished-at="2022-11-03T20:03:44 IST" duration-ms="668" status="PASS">
          <reporter-output>
          </reporter-output>
        </test-method> <!-- setExtent -->
        <test-method is-config="true" signature="launchBrowser(java.lang.String)[pri:0, instance:Testcase.TC_Login_DataDriven@6572421]" started-at="2022-11-03T20:03:44 IST" name="launchBrowser" finished-at="2022-11-03T20:03:57 IST" duration-ms="13527" status="PASS">
          <params>
            <param index="0">
              <value>
                <![CDATA[Chrome]]>
              </value>
            </param>
          </params>
          <reporter-output>
          </reporter-output>
        </test-method> <!-- launchBrowser -->
        <test-method signature="loginHrm(java.lang.String,java.lang.String)[pri:0, instance:Testcase.TC_Login_DataDriven@6572421]" started-at="2022-11-03T20:03:57 IST" name="loginHrm" data-provider="login" finished-at="2022-11-03T20:04:04 IST" duration-ms="6597" status="PASS">
          <params>
            <param index="0">
              <value>
                <![CDATA[Admin]]>
              </value>
            </param>
            <param index="1">
              <value>
                <![CDATA[admin123]]>
              </value>
            </param>
          </params>
          <reporter-output>
          </reporter-output>
        </test-method> <!-- loginHrm -->
        <test-method is-config="true" signature="tearUp(org.testng.ITestResult)[pri:0, instance:Testcase.TC_Login_DataDriven@6572421]" started-at="2022-11-03T20:04:04 IST" name="tearUp" finished-at="2022-11-03T20:04:05 IST" duration-ms="1211" status="PASS">
          <params>
            <param index="0">
              <value>
                <![CDATA[[TestResult name=loginHrm status=SUCCESS method=TC_Login_DataDriven.loginHrm(java.lang.String,java.lang.String)[pri:0, instance:Testcase.TC_Login_DataDriven@6572421] output={null}]]]>
              </value>
            </param>
          </params>
          <reporter-output>
          </reporter-output>
        </test-method> <!-- tearUp -->
        <test-method is-config="true" signature="launchBrowser(java.lang.String)[pri:0, instance:Testcase.TC_Login_DataDriven@6572421]" started-at="2022-11-03T20:04:05 IST" name="launchBrowser" finished-at="2022-11-03T20:04:14 IST" duration-ms="8642" status="PASS">
          <params>
            <param index="0">
              <value>
                <![CDATA[Chrome]]>
              </value>
            </param>
          </params>
          <reporter-output>
          </reporter-output>
        </test-method> <!-- launchBrowser -->
        <test-method signature="loginHrm(java.lang.String,java.lang.String)[pri:0, instance:Testcase.TC_Login_DataDriven@6572421]" started-at="2022-11-03T20:04:14 IST" name="loginHrm" data-provider="login" finished-at="2022-11-03T20:04:27 IST" duration-ms="13467" status="FAIL">
          <params>
            <param index="0">
              <value>
                <![CDATA[Admin]]>
              </value>
            </param>
            <param index="1">
              <value>
                <![CDATA[admin13]]>
              </value>
            </param>
          </params>
          <exception class="java.lang.AssertionError">
            <message>
              <![CDATA[expected [true] but found [false]]]>
            </message>
            <full-stacktrace>
              <![CDATA[java.lang.AssertionError: expected [true] but found [false]
at org.testng.Assert.fail(Assert.java:110)
at org.testng.Assert.failNotEquals(Assert.java:1413)
at org.testng.Assert.assertTrue(Assert.java:56)
at org.testng.Assert.assertTrue(Assert.java:66)
at Testcase.TC_Login_DataDriven.loginHrm(TC_Login_DataDriven.java:37)
at java.base/jdk.internal.reflect.NativeMethodAccessorImpl.invoke0(Native Method)
at java.base/jdk.internal.reflect.NativeMethodAccessorImpl.invoke(NativeMethodAccessorImpl.java:77)
at java.base/jdk.internal.reflect.DelegatingMethodAccessorImpl.invoke(DelegatingMethodAccessorImpl.java:43)
at java.base/java.lang.reflect.Method.invoke(Method.java:568)
at org.testng.internal.invokers.MethodInvocationHelper.invokeMethod(MethodInvocationHelper.java:139)
at org.testng.internal.invokers.TestInvoker.invokeMethod(TestInvoker.java:677)
at org.testng.internal.invokers.TestInvoker.invokeTestMethod(TestInvoker.java:221)
at org.testng.internal.invokers.MethodRunner.runInSequence(MethodRunner.java:50)
at org.testng.internal.invokers.TestInvoker$MethodInvocationAgent.invoke(TestInvoker.java:962)
at org.testng.internal.invokers.TestInvoker.invokeTestMethods(TestInvoker.java:194)
at org.testng.internal.invokers.TestMethodWorker.invokeTestMethods(TestMethodWorker.java:148)
at org.testng.internal.invokers.TestMethodWorker.run(TestMethodWorker.java:128)
at java.base/java.util.ArrayList.forEach(ArrayList.java:1511)
at org.testng.TestRunner.privateRun(TestRunner.java:806)
at org.testng.TestRunner.run(TestRunner.java:601)
at org.testng.SuiteRunner.runTest(SuiteRunner.java:433)
at org.testng.SuiteRunner.runSequentially(SuiteRunner.java:427)
at org.testng.SuiteRunner.privateRun(SuiteRunner.java:387)
at org.testng.SuiteRunner.run(SuiteRunner.java:330)
at org.testng.SuiteRunnerWorker.runSuite(SuiteRunnerWorker.java:52)
at org.testng.SuiteRunnerWorker.run(SuiteRunnerWorker.java:95)
at org.testng.TestNG.runSuitesSequentially(TestNG.java:1256)
at org.testng.TestNG.runSuitesLocally(TestNG.java:1176)
at org.testng.TestNG.runSuites(TestNG.java:1099)
at org.testng.TestNG.run(TestNG.java:1067)
at org.apache.maven.surefire.testng.TestNGExecutor.run(TestNGExecutor.java:324)
at org.apache.maven.surefire.testng.TestNGXmlTestSuite.execute(TestNGXmlTestSuite.java:74)
at org.apache.maven.surefire.testng.TestNGProvider.invoke(TestNGProvider.java:123)
at org.apache.maven.surefire.booter.ForkedBooter.runSuitesInProcess(ForkedBooter.java:456)
at org.apache.maven.surefire.booter.ForkedBooter.execute(ForkedBooter.java:169)
at org.apache.maven.surefire.booter.ForkedBooter.run(ForkedBooter.java:595)
at org.apache.maven.surefire.booter.ForkedBooter.main(ForkedBooter.java:581)
]]>
            </full-stacktrace>
          </exception> <!-- java.lang.AssertionError -->
          <reporter-output>
          </reporter-output>
        </test-method> <!-- loginHrm -->
        <test-method is-config="true" signature="tearUp(org.testng.ITestResult)[pri:0, instance:Testcase.TC_Login_DataDriven@6572421]" started-at="2022-11-03T20:04:27 IST" name="tearUp" finished-at="2022-11-03T20:04:28 IST" duration-ms="831" status="PASS">
          <params>
            <param index="0">
              <value>
                <![CDATA[[TestResult name=loginHrm status=FAILURE method=TC_Login_DataDriven.loginHrm(java.lang.String,java.lang.String)[pri:0, instance:Testcase.TC_Login_DataDriven@6572421] output={null}]]]>
              </value>
            </param>
          </params>
          <reporter-output>
          </reporter-output>
        </test-method> <!-- tearUp -->
        <test-method is-config="true" signature="launchBrowser(java.lang.String)[pri:0, instance:Testcase.TC_Login_DataDriven@6572421]" started-at="2022-11-03T20:04:28 IST" name="launchBrowser" finished-at="2022-11-03T20:04:35 IST" duration-ms="7478" status="PASS">
          <params>
            <param index="0">
              <value>
                <![CDATA[Chrome]]>
              </value>
            </param>
          </params>
          <reporter-output>
          </reporter-output>
        </test-method> <!-- launchBrowser -->
        <test-method signature="loginHrm(java.lang.String,java.lang.String)[pri:0, instance:Testcase.TC_Login_DataDriven@6572421]" started-at="2022-11-03T20:04:35 IST" name="loginHrm" data-provider="login" finished-at="2022-11-03T20:04:48 IST" duration-ms="12813" status="FAIL">
          <params>
            <param index="0">
              <value>
                <![CDATA[Admin]]>
              </value>
            </param>
            <param index="1">
              <value>
                <![CDATA[admin13]]>
              </value>
            </param>
          </params>
          <exception class="java.lang.AssertionError">
            <message>
              <![CDATA[expected [true] but found [false]]]>
            </message>
            <full-stacktrace>
              <![CDATA[java.lang.AssertionError: expected [true] but found [false]
at org.testng.Assert.fail(Assert.java:110)
at org.testng.Assert.failNotEquals(Assert.java:1413)
at org.testng.Assert.assertTrue(Assert.java:56)
at org.testng.Assert.assertTrue(Assert.java:66)
at Testcase.TC_Login_DataDriven.loginHrm(TC_Login_DataDriven.java:37)
at java.base/jdk.internal.reflect.NativeMethodAccessorImpl.invoke0(Native Method)
at java.base/jdk.internal.reflect.NativeMethodAccessorImpl.invoke(NativeMethodAccessorImpl.java:77)
at java.base/jdk.internal.reflect.DelegatingMethodAccessorImpl.invoke(DelegatingMethodAccessorImpl.java:43)
at java.base/java.lang.reflect.Method.invoke(Method.java:568)
at org.testng.internal.invokers.MethodInvocationHelper.invokeMethod(MethodInvocationHelper.java:139)
at org.testng.internal.invokers.TestInvoker.invokeMethod(TestInvoker.java:677)
at org.testng.internal.invokers.TestInvoker.invokeTestMethod(TestInvoker.java:221)
at org.testng.internal.invokers.MethodRunner.runInSequence(MethodRunner.java:50)
at org.testng.internal.invokers.TestInvoker$MethodInvocationAgent.invoke(TestInvoker.java:962)
at org.testng.internal.invokers.TestInvoker.invokeTestMethods(TestInvoker.java:194)
at org.testng.internal.invokers.TestMethodWorker.invokeTestMethods(TestMethodWorker.java:148)
at org.testng.internal.invokers.TestMethodWorker.run(TestMethodWorker.java:128)
at java.base/java.util.ArrayList.forEach(ArrayList.java:1511)
at org.testng.TestRunner.privateRun(TestRunner.java:806)
at org.testng.TestRunner.run(TestRunner.java:601)
at org.testng.SuiteRunner.runTest(SuiteRunner.java:433)
at org.testng.SuiteRunner.runSequentially(SuiteRunner.java:427)
at org.testng.SuiteRunner.privateRun(SuiteRunner.java:387)
at org.testng.SuiteRunner.run(SuiteRunner.java:330)
at org.testng.SuiteRunnerWorker.runSuite(SuiteRunnerWorker.java:52)
at org.testng.SuiteRunnerWorker.run(SuiteRunnerWorker.java:95)
at org.testng.TestNG.runSuitesSequentially(TestNG.java:1256)
at org.testng.TestNG.runSuitesLocally(TestNG.java:1176)
at org.testng.TestNG.runSuites(TestNG.java:1099)
at org.testng.TestNG.run(TestNG.java:1067)
at org.apache.maven.surefire.testng.TestNGExecutor.run(TestNGExecutor.java:324)
at org.apache.maven.surefire.testng.TestNGXmlTestSuite.execute(TestNGXmlTestSuite.java:74)
at org.apache.maven.surefire.testng.TestNGProvider.invoke(TestNGProvider.java:123)
at org.apache.maven.surefire.booter.ForkedBooter.runSuitesInProcess(ForkedBooter.java:456)
at org.apache.maven.surefire.booter.ForkedBooter.execute(ForkedBooter.java:169)
at org.apache.maven.surefire.booter.ForkedBooter.run(ForkedBooter.java:595)
at org.apache.maven.surefire.booter.ForkedBooter.main(ForkedBooter.java:581)
]]>
            </full-stacktrace>
          </exception> <!-- java.lang.AssertionError -->
          <reporter-output>
          </reporter-output>
        </test-method> <!-- loginHrm -->
        <test-method is-config="true" signature="tearUp(org.testng.ITestResult)[pri:0, instance:Testcase.TC_Login_DataDriven@6572421]" started-at="2022-11-03T20:04:48 IST" name="tearUp" finished-at="2022-11-03T20:04:49 IST" duration-ms="836" status="PASS">
          <params>
            <param index="0">
              <value>
                <![CDATA[[TestResult name=loginHrm status=FAILURE method=TC_Login_DataDriven.loginHrm(java.lang.String,java.lang.String)[pri:0, instance:Testcase.TC_Login_DataDriven@6572421] output={null}]]]>
              </value>
            </param>
          </params>
          <reporter-output>
          </reporter-output>
        </test-method> <!-- tearUp -->
        <test-method is-config="true" signature="launchBrowser(java.lang.String)[pri:0, instance:Testcase.TC_Login_DataDriven@6572421]" started-at="2022-11-03T20:04:49 IST" name="launchBrowser" finished-at="2022-11-03T20:04:56 IST" duration-ms="6965" status="PASS">
          <params>
            <param index="0">
              <value>
                <![CDATA[Chrome]]>
              </value>
            </param>
          </params>
          <reporter-output>
          </reporter-output>
        </test-method> <!-- launchBrowser -->
        <test-method signature="loginHrm(java.lang.String,java.lang.String)[pri:0, instance:Testcase.TC_Login_DataDriven@6572421]" started-at="2022-11-03T20:04:56 IST" name="loginHrm" data-provider="login" finished-at="2022-11-03T20:05:01 IST" duration-ms="5337" status="PASS">
          <params>
            <param index="0">
              <value>
                <![CDATA[Admin]]>
              </value>
            </param>
            <param index="1">
              <value>
                <![CDATA[admin123]]>
              </value>
            </param>
          </params>
          <reporter-output>
          </reporter-output>
        </test-method> <!-- loginHrm -->
        <test-method is-config="true" signature="tearUp(org.testng.ITestResult)[pri:0, instance:Testcase.TC_Login_DataDriven@6572421]" started-at="2022-11-03T20:05:01 IST" name="tearUp" finished-at="2022-11-03T20:05:02 IST" duration-ms="912" status="PASS">
          <params>
            <param index="0">
              <value>
                <![CDATA[[TestResult name=loginHrm status=SUCCESS method=TC_Login_DataDriven.loginHrm(java.lang.String,java.lang.String)[pri:0, instance:Testcase.TC_Login_DataDriven@6572421] output={null}]]]>
              </value>
            </param>
          </params>
          <reporter-output>
          </reporter-output>
        </test-method> <!-- tearUp -->
        <test-method is-config="true" signature="endRoport()[pri:0, instance:Testcase.TC_Login_DataDriven@6572421]" started-at="2022-11-03T20:05:02 IST" name="endRoport" finished-at="2022-11-03T20:05:03 IST" duration-ms="868" status="PASS">
          <reporter-output>
          </reporter-output>
        </test-method> <!-- endRoport -->
      </class> <!-- Testcase.TC_Login_DataDriven -->
    </test> <!-- Login -->
  </suite> <!-- Smoke -->
</testng-results>
